<?xml version="1.0" encoding="UTF-8"?>
<testng-results ignored="0" total="2" passed="2" failed="0" skipped="0">
  <reporter-output>
  </reporter-output>
  <suite started-at="2023-10-01T01:26:05 IST" name="Default suite" finished-at="2023-10-01T01:26:05 IST" duration-ms="87">
    <groups>
    </groups>
    <test started-at="2023-10-01T01:26:05 IST" name="Default test" finished-at="2023-10-01T01:26:05 IST" duration-ms="87">
      <class name="org.maven.DummyProject.Runtest">
        <test-method signature="NewMethod()[pri:0, instance:org.maven.DummyProject.Runtest@1af2d44a]" started-at="2023-10-01T01:26:05 IST" name="NewMethod" finished-at="2023-10-01T01:26:05 IST" duration-ms="13" status="PASS">
          <reporter-output>
          </reporter-output>
        </test-method> <!-- NewMethod -->
        <test-method signature="method()[pri:0, instance:org.maven.DummyProject.Runtest@1af2d44a]" started-at="2023-10-01T01:26:05 IST" name="method" finished-at="2023-10-01T01:26:05 IST" duration-ms="2" status="PASS">
          <reporter-output>
          </reporter-output>
        </test-method> <!-- method -->
      </class> <!-- org.maven.DummyProject.Runtest -->
    </test> <!-- Default test -->
  </suite> <!-- Default suite -->
</testng-results>
