<?xml version="1.0" encoding="UTF-8"?>
<testng-results ignored="0" total="1" passed="1" failed="0" skipped="0">
  <reporter-output>
  </reporter-output>
  <suite started-at="2023-09-13T16:38:14 IST" name="Default suite" finished-at="2023-09-13T16:38:14 IST" duration-ms="151">
    <groups>
    </groups>
    <test started-at="2023-09-13T16:38:14 IST" name="Default test" finished-at="2023-09-13T16:38:14 IST" duration-ms="151">
      <class name="org.maven.DummyProject.Runtest">
        <test-method signature="method()[pri:0, instance:org.maven.DummyProject.Runtest@4738a206]" started-at="2023-09-13T16:38:14 IST" name="method" finished-at="2023-09-13T16:38:14 IST" duration-ms="21" status="PASS">
          <reporter-output>
          </reporter-output>
        </test-method> <!-- method -->
      </class> <!-- org.maven.DummyProject.Runtest -->
    </test> <!-- Default test -->
  </suite> <!-- Default suite -->
</testng-results>
